<?xml version="1.0" encoding="UTF-8"?>
<testng-results ignored="0" total="1" passed="1" failed="0" skipped="0">
  <reporter-output>
  </reporter-output>
  <suite started-at="2024-05-15T15:24:43 IST" name="Suite" finished-at="2024-05-15T15:25:32 IST" duration-ms="49448">
    <groups>
    </groups>
    <test started-at="2024-05-15T15:24:43 IST" name="Test" finished-at="2024-05-15T15:25:32 IST" duration-ms="49448">
      <class name="Luma_Testcases.Luma_LoginTest_001">
        <test-method is-config="true" signature="OpenApllication()[pri:0, instance:Luma_Testcases.Luma_LoginTest_001@35dab4eb]" started-at="2024-05-15T15:24:43 IST" name="OpenApllication" finished-at="2024-05-15T15:25:18 IST" duration-ms="34477" status="PASS">
          <reporter-output>
          </reporter-output>
        </test-method> <!-- OpenApllication -->
        <test-method signature="Logintest()[pri:0, instance:Luma_Testcases.Luma_LoginTest_001@35dab4eb]" started-at="2024-05-15T15:25:18 IST" name="Logintest" finished-at="2024-05-15T15:25:31 IST" duration-ms="13306" status="PASS">
          <reporter-output>
          </reporter-output>
        </test-method> <!-- Logintest -->
        <test-method is-config="true" signature="CloseApplication()[pri:0, instance:Luma_Testcases.Luma_LoginTest_001@35dab4eb]" started-at="2024-05-15T15:25:31 IST" name="CloseApplication" finished-at="2024-05-15T15:25:32 IST" duration-ms="1370" status="PASS">
          <reporter-output>
          </reporter-output>
        </test-method> <!-- CloseApplication -->
      </class> <!-- Luma_Testcases.Luma_LoginTest_001 -->
    </test> <!-- Test -->
  </suite> <!-- Suite -->
</testng-results>
