<?xml version="1.0" encoding="UTF-8"?>
<testng-results ignored="0" total="1" passed="1" failed="0" skipped="0">
  <reporter-output>
  </reporter-output>
  <suite started-at="2024-05-16T18:00:59 IST" name="Suite" finished-at="2024-05-16T18:01:11 IST" duration-ms="12511">
    <groups>
    </groups>
    <test started-at="2024-05-16T18:00:59 IST" name="Test" finished-at="2024-05-16T18:01:11 IST" duration-ms="12511">
      <class name="Luma_Testcases.Luma_RegisterTest_002">
        <test-method is-config="true" signature="OpenApplication(java.lang.String)[pri:0, instance:Luma_Testcases.Luma_RegisterTest_002@489115ef]" started-at="2024-05-16T18:00:59 IST" name="OpenApplication" finished-at="2024-05-16T18:01:08 IST" duration-ms="9180" status="PASS">
          <params>
            <param index="0">
              <value>
                <![CDATA[chrome]]>
              </value>
            </param>
          </params>
          <reporter-output>
          </reporter-output>
        </test-method> <!-- OpenApplication -->
        <test-method signature="registerTest()[pri:0, instance:Luma_Testcases.Luma_RegisterTest_002@489115ef]" started-at="2024-05-16T18:01:08 IST" name="registerTest" finished-at="2024-05-16T18:01:11 IST" duration-ms="3235" status="PASS">
          <reporter-output>
          </reporter-output>
        </test-method> <!-- registerTest -->
        <test-method is-config="true" signature="CloseApplication()[pri:0, instance:Luma_Testcases.Luma_RegisterTest_002@489115ef]" started-at="2024-05-16T18:01:11 IST" name="CloseApplication" finished-at="2024-05-16T18:01:11 IST" duration-ms="5" status="PASS">
          <reporter-output>
          </reporter-output>
        </test-method> <!-- CloseApplication -->
      </class> <!-- Luma_Testcases.Luma_RegisterTest_002 -->
    </test> <!-- Test -->
  </suite> <!-- Suite -->
</testng-results>
